<?xml version="1.0" encoding="UTF-8"?>
<!-- Generated by org.testng.reporters.JUnitReportReporter -->
<testsuite hostname="LAPTOP-1NUQRVBS" failures="0" tests="1" name="test.Testcase14" time="19.498" errors="0" timestamp="2024-12-17T23:09:43 IST" skipped="0">
  <testcase classname="test.Testcase14" name="give_ratings" time="19.498"/>
  <system-out/>
</testsuite> <!-- test.Testcase14 -->
