<?xml version="1.0" encoding="UTF-8"?>
<!-- Generated by org.testng.reporters.JUnitReportReporter -->
<testsuite hostname="LAPTOP-1NUQRVBS" failures="0" tests="1" name="test.Testcase4" time="49.174" errors="0" timestamp="2025-01-10T15:00:03 IST" skipped="0">
  <testcase classname="test.Testcase4" name="edit_profile_info" time="49.174"/>
  <system-out>
    <![CDATA[TestCase is passed]]>
  </system-out>
</testsuite> <!-- test.Testcase4 -->
