<?xml version="1.0" encoding="UTF-8"?>
<!-- Generated by org.testng.reporters.JUnitReportReporter -->
<testsuite hostname="LAPTOP-1NUQRVBS" failures="0" tests="4" name="test.Testcase6" time="24.837" errors="0" timestamp="2024-12-31T14:40:16 IST" skipped="3">
  <testcase classname="test.Testcase6" name="search_with_filter" time="4.628">
    <skipped/>
  </testcase> <!-- search_with_filter -->
  <system-out/>
  <testcase classname="test.Testcase6" name="search_with_filter" time="3.824">
    <skipped/>
  </testcase> <!-- search_with_filter -->
  <system-out/>
  <testcase classname="test.Testcase6" name="search_with_filter" time="13.186"/>
  <system-out>
    <![CDATA[TestCase is passed]]>
  </system-out>
  <testcase classname="test.Testcase6" name="search_with_filter" time="3.199">
    <skipped/>
  </testcase> <!-- search_with_filter -->
  <system-out/>
</testsuite> <!-- test.Testcase6 -->
