<?xml version="1.0" encoding="UTF-8"?>
<!-- Generated by org.testng.reporters.JUnitReportReporter -->
<testsuite hostname="LAPTOP-1NUQRVBS" failures="0" tests="1" name="test.Testcase3" time="25.530" errors="0" timestamp="2025-01-10T15:00:03 IST" skipped="0">
  <testcase classname="test.Testcase3" name="login_to_amazon" time="25.530"/>
  <system-out>
    <![CDATA[TestCase is passed]]>
  </system-out>
</testsuite> <!-- test.Testcase3 -->
