<?xml version="1.0" encoding="UTF-8"?>
<!-- Generated by org.testng.reporters.JUnitReportReporter -->
<testsuite hostname="LAPTOP-1NUQRVBS" failures="0" tests="1" name="test.Testcase15" time="14.872" errors="0" timestamp="2024-12-31T14:40:16 IST" skipped="0">
  <testcase classname="test.Testcase15" name="cart_without_login" time="14.872"/>
  <system-out>
    <![CDATA[TestCase is passed]]>
  </system-out>
</testsuite> <!-- test.Testcase15 -->
