<?xml version="1.0" encoding="UTF-8"?>
<!-- Generated by org.testng.reporters.JUnitReportReporter -->
<testsuite hostname="LAPTOP-1NUQRVBS" failures="0" tests="2" name="test.Testcase1" time="13.530" errors="0" timestamp="2025-01-10T15:00:03 IST" skipped="1">
  <testcase classname="test.Testcase1" name="register_to_amazon" time="6.412">
    <skipped/>
  </testcase> <!-- register_to_amazon -->
  <system-out/>
  <testcase classname="test.Testcase1" name="register_to_amazon" time="7.118"/>
  <system-out>
    <![CDATA[TestCase is passed]]>
  </system-out>
</testsuite> <!-- test.Testcase1 -->
