<?xml version="1.0" encoding="UTF-8"?>
<!-- Generated by org.testng.reporters.JUnitReportReporter -->
<testsuite hostname="LAPTOP-1NUQRVBS" failures="0" tests="2" name="test.Testcase8" time="49.214" errors="0" timestamp="2025-01-10T15:00:03 IST" skipped="1">
  <testcase classname="test.Testcase8" name="sort_product" time="43.992"/>
  <system-out>
    <![CDATA[TestCase is passed]]>
  </system-out>
  <testcase classname="test.Testcase8" name="sort_product" time="5.222">
    <skipped/>
  </testcase> <!-- sort_product -->
  <system-out/>
</testsuite> <!-- test.Testcase8 -->
