<?xml version="1.0" encoding="UTF-8"?>
<!-- Generated by org.testng.reporters.JUnitReportReporter -->
<testsuite hostname="LAPTOP-1NUQRVBS" failures="0" tests="2" name="test.Testcase13" time="48.555" errors="0" timestamp="2024-12-17T22:47:30 IST" skipped="1">
  <testcase classname="test.Testcase13" name="apply_coupon_code" time="7.105">
    <skipped/>
  </testcase> <!-- apply_coupon_code -->
  <system-out/>
  <testcase classname="test.Testcase13" name="apply_coupon_code" time="41.450"/>
  <system-out/>
</testsuite> <!-- test.Testcase13 -->
