<?xml version="1.0" encoding="UTF-8"?>
<!-- Generated by org.testng.reporters.JUnitReportReporter -->
<testsuite hostname="LAPTOP-1NUQRVBS" failures="0" tests="4" name="test.Testcase10" time="52.126" errors="0" timestamp="2025-01-10T15:00:03 IST" skipped="3">
  <testcase classname="test.Testcase10" name="updatequant_removitem" time="5.368">
    <skipped/>
  </testcase> <!-- updatequant_removitem -->
  <system-out/>
  <testcase classname="test.Testcase10" name="updatequant_removitem" time="4.880">
    <skipped/>
  </testcase> <!-- updatequant_removitem -->
  <system-out/>
  <testcase classname="test.Testcase10" name="updatequant_removitem" time="35.777"/>
  <system-out>
    <![CDATA[TestCase is passed]]>
  </system-out>
  <testcase classname="test.Testcase10" name="updatequant_removitem" time="6.101">
    <skipped/>
  </testcase> <!-- updatequant_removitem -->
  <system-out/>
</testsuite> <!-- test.Testcase10 -->
