<?xml version="1.0" encoding="UTF-8"?>
<!-- Generated by org.testng.reporters.JUnitReportReporter -->
<testsuite hostname="LAPTOP-1NUQRVBS" failures="0" tests="3" name="test.Testcase12" time="46.574" errors="0" timestamp="2024-12-31T14:40:16 IST" skipped="2">
  <testcase classname="test.Testcase12" name="select_pay_method" time="39.083"/>
  <system-out>
    <![CDATA[TestCase is passed]]>
  </system-out>
  <testcase classname="test.Testcase12" name="select_pay_method" time="3.580">
    <skipped/>
  </testcase> <!-- select_pay_method -->
  <system-out/>
  <testcase classname="test.Testcase12" name="select_pay_method" time="3.911">
    <skipped/>
  </testcase> <!-- select_pay_method -->
  <system-out/>
</testsuite> <!-- test.Testcase12 -->
