<?xml version="1.0" encoding="UTF-8"?>
<!-- Generated by org.testng.reporters.JUnitReportReporter -->
<testsuite hostname="LAPTOP-1NUQRVBS" failures="0" tests="2" name="test.Testcase8" time="33.236" errors="0" timestamp="2024-12-17T22:47:30 IST" skipped="1">
  <testcase classname="test.Testcase8" name="sort_product" time="27.823"/>
  <system-out/>
  <testcase classname="test.Testcase8" name="sort_product" time="5.413">
    <skipped/>
  </testcase> <!-- sort_product -->
  <system-out/>
</testsuite> <!-- test.Testcase8 -->
