<?xml version="1.0" encoding="UTF-8"?>
<!-- Generated by org.testng.reporters.JUnitReportReporter -->
<testsuite hostname="LAPTOP-1NUQRVBS" failures="0" tests="5" name="test.Testcase10" time="55.618" errors="0" timestamp="2024-12-31T14:40:16 IST" skipped="4">
  <testcase classname="test.Testcase10" name="updatequant_removitem" time="38.946"/>
  <system-out>
    <![CDATA[TestCase is passed]]>
  </system-out>
  <testcase classname="test.Testcase10" name="updatequant_removitem" time="3.441">
    <skipped/>
  </testcase> <!-- updatequant_removitem -->
  <system-out/>
  <testcase classname="test.Testcase10" name="updatequant_removitem" time="4.028">
    <skipped/>
  </testcase> <!-- updatequant_removitem -->
  <system-out/>
  <testcase classname="test.Testcase10" name="updatequant_removitem" time="4.451">
    <skipped/>
  </testcase> <!-- updatequant_removitem -->
  <system-out/>
  <testcase classname="test.Testcase10" name="updatequant_removitem" time="4.752">
    <skipped/>
  </testcase> <!-- updatequant_removitem -->
  <system-out/>
</testsuite> <!-- test.Testcase10 -->
