<?xml version="1.0" encoding="UTF-8"?>
<!-- Generated by org.testng.reporters.JUnitReportReporter -->
<testsuite hostname="LAPTOP-1NUQRVBS" failures="0" tests="1" name="test.Testcase2" time="24.932" errors="0" timestamp="2025-01-10T16:10:14 IST" skipped="0">
  <testcase classname="test.Testcase2" name="login_to_amazon" time="24.932"/>
  <system-out>
    <![CDATA[TestCase is passed]]>
  </system-out>
</testsuite> <!-- test.Testcase2 -->
