<?xml version="1.0" encoding="UTF-8"?>
<!-- Generated by org.testng.reporters.JUnitReportReporter -->
<testsuite hostname="LAPTOP-1NUQRVBS" failures="0" tests="3" name="test.Testcase9" time="48.626" errors="0" timestamp="2025-01-10T15:00:03 IST" skipped="2">
  <testcase classname="test.Testcase9" name="add_to_cart" time="6.170">
    <skipped/>
  </testcase> <!-- add_to_cart -->
  <system-out/>
  <testcase classname="test.Testcase9" name="add_to_cart" time="13.489">
    <skipped/>
  </testcase> <!-- add_to_cart -->
  <system-out/>
  <testcase classname="test.Testcase9" name="add_to_cart" time="28.967"/>
  <system-out>
    <![CDATA[TestCase is passed]]>
  </system-out>
</testsuite> <!-- test.Testcase9 -->
