<?xml version="1.0" encoding="UTF-8"?>
<!-- Generated by org.testng.reporters.JUnitReportReporter -->
<testsuite hostname="LAPTOP-1NUQRVBS" failures="0" tests="2" name="test.Testcase6" time="29.744" errors="0" timestamp="2025-01-10T15:00:03 IST" skipped="1">
  <testcase classname="test.Testcase6" name="search_with_filter" time="23.608"/>
  <system-out>
    <![CDATA[TestCase is passed]]>
  </system-out>
  <testcase classname="test.Testcase6" name="search_with_filter" time="6.136">
    <skipped/>
  </testcase> <!-- search_with_filter -->
  <system-out/>
</testsuite> <!-- test.Testcase6 -->
