<?xml version="1.0" encoding="UTF-8"?>
<!-- Generated by org.testng.reporters.JUnitReportReporter -->
<testsuite hostname="LAPTOP-1NUQRVBS" failures="0" tests="4" name="test.Testcase8" time="29.128" errors="0" timestamp="2024-12-31T14:40:16 IST" skipped="3">
  <testcase classname="test.Testcase8" name="sort_product" time="3.880">
    <skipped/>
  </testcase> <!-- sort_product -->
  <system-out/>
  <testcase classname="test.Testcase8" name="sort_product" time="3.638">
    <skipped/>
  </testcase> <!-- sort_product -->
  <system-out/>
  <testcase classname="test.Testcase8" name="sort_product" time="4.321">
    <skipped/>
  </testcase> <!-- sort_product -->
  <system-out/>
  <testcase classname="test.Testcase8" name="sort_product" time="17.289"/>
  <system-out>
    <![CDATA[TestCase is passed]]>
  </system-out>
</testsuite> <!-- test.Testcase8 -->
