<?xml version="1.0" encoding="UTF-8"?>
<!-- Generated by org.testng.reporters.JUnitReportReporter -->
<testsuite hostname="LAPTOP-1NUQRVBS" failures="0" tests="4" name="test.Testcase9" time="41.568" errors="0" timestamp="2024-12-31T14:40:16 IST" skipped="3">
  <testcase classname="test.Testcase9" name="add_to_cart" time="3.967">
    <skipped/>
  </testcase> <!-- add_to_cart -->
  <system-out/>
  <testcase classname="test.Testcase9" name="add_to_cart" time="4.480">
    <skipped/>
  </testcase> <!-- add_to_cart -->
  <system-out/>
  <testcase classname="test.Testcase9" name="add_to_cart" time="3.510">
    <skipped/>
  </testcase> <!-- add_to_cart -->
  <system-out/>
  <testcase classname="test.Testcase9" name="add_to_cart" time="29.611"/>
  <system-out>
    <![CDATA[TestCase is passed]]>
  </system-out>
</testsuite> <!-- test.Testcase9 -->
