<?xml version="1.0" encoding="UTF-8"?>
<!-- Generated by org.testng.reporters.JUnitReportReporter -->
<testsuite hostname="LAPTOP-1NUQRVBS" failures="0" tests="1" name="test.Testcase4" time="21.004" errors="0" timestamp="2024-12-17T22:47:30 IST" skipped="0">
  <testcase classname="test.Testcase4" name="edit_profile_info" time="21.004"/>
  <system-out/>
</testsuite> <!-- test.Testcase4 -->
