<?xml version="1.0" encoding="UTF-8"?>
<!-- Generated by org.testng.reporters.JUnitReportReporter -->
<testsuite hostname="LAPTOP-1NUQRVBS" failures="0" tests="3" name="test.Testcase15" time="28.775" errors="0" timestamp="2025-01-10T15:00:03 IST" skipped="2">
  <testcase classname="test.Testcase15" name="cart_without_login" time="21.590"/>
  <system-out>
    <![CDATA[TestCase is passed]]>
  </system-out>
  <testcase classname="test.Testcase15" name="cart_without_login" time="3.266">
    <skipped/>
  </testcase> <!-- cart_without_login -->
  <system-out/>
  <testcase classname="test.Testcase15" name="cart_without_login" time="3.919">
    <skipped/>
  </testcase> <!-- cart_without_login -->
  <system-out/>
</testsuite> <!-- test.Testcase15 -->
