<?xml version="1.0" encoding="UTF-8"?>
<!-- Generated by org.testng.reporters.JUnitReportReporter -->
<testsuite hostname="LAPTOP-1NUQRVBS" failures="0" tests="2" name="test.Testcase1" time="8.849" errors="0" timestamp="2024-12-31T14:40:16 IST" skipped="1">
  <testcase classname="test.Testcase1" name="login_to_amazon" time="5.677"/>
  <system-out>
    <![CDATA[TestCase is passed]]>
  </system-out>
  <testcase classname="test.Testcase1" name="login_to_amazon" time="3.172">
    <skipped/>
  </testcase> <!-- login_to_amazon -->
  <system-out/>
</testsuite> <!-- test.Testcase1 -->
