<?xml version="1.0" encoding="UTF-8"?>
<!-- Generated by org.testng.reporters.JUnitReportReporter -->
<testsuite hostname="LAPTOP-1NUQRVBS" failures="0" tests="4" name="test.Testcase2" time="29.306" errors="0" timestamp="2024-12-17T22:47:29 IST" skipped="3">
  <testcase classname="test.Testcase2" name="login_to_amazon" time="3.583">
    <skipped/>
  </testcase> <!-- login_to_amazon -->
  <system-out/>
  <testcase classname="test.Testcase2" name="login_to_amazon" time="3.254">
    <skipped/>
  </testcase> <!-- login_to_amazon -->
  <system-out/>
  <testcase classname="test.Testcase2" name="login_to_amazon" time="19.006"/>
  <system-out/>
  <testcase classname="test.Testcase2" name="login_to_amazon" time="3.463">
    <skipped/>
  </testcase> <!-- login_to_amazon -->
  <system-out/>
</testsuite> <!-- test.Testcase2 -->
