<?xml version="1.0" encoding="UTF-8"?>
<!-- Generated by org.testng.reporters.JUnitReportReporter -->
<testsuite hostname="LAPTOP-1NUQRVBS" failures="0" tests="1" name="test.Testcase7" time="24.841" errors="0" timestamp="2024-12-17T23:12:50 IST" skipped="0">
  <testcase classname="test.Testcase7" name="product_details" time="24.841"/>
  <system-out/>
</testsuite> <!-- test.Testcase7 -->
