<?xml version="1.0" encoding="UTF-8"?>
<!-- Generated by org.testng.reporters.JUnitReportReporter -->
<testsuite hostname="LAPTOP-1NUQRVBS" failures="0" tests="1" name="test.Testcase11" time="64.913" errors="0" timestamp="2025-01-10T15:00:03 IST" skipped="0">
  <testcase classname="test.Testcase11" name="validate_checkout_proc" time="64.913"/>
  <system-out>
    <![CDATA[TestCase is passed]]>
  </system-out>
</testsuite> <!-- test.Testcase11 -->
