<?xml version="1.0" encoding="UTF-8"?>
<!-- Generated by org.testng.reporters.JUnitReportReporter -->
<testsuite hostname="LAPTOP-1NUQRVBS" failures="0" tests="2" name="test.Testcase15" time="31.775" errors="0" timestamp="2024-12-17T22:47:29 IST" skipped="1">
  <testcase classname="test.Testcase15" name="cart_without_login" time="25.684"/>
  <system-out/>
  <testcase classname="test.Testcase15" name="cart_without_login" time="6.091">
    <skipped/>
  </testcase> <!-- cart_without_login -->
  <system-out/>
</testsuite> <!-- test.Testcase15 -->
