<?xml version="1.0" encoding="UTF-8"?>
<!-- Generated by org.testng.reporters.JUnitReportReporter -->
<testsuite hostname="LAPTOP-1NUQRVBS" failures="0" tests="5" name="test.Testcase14" time="34.854" errors="0" timestamp="2024-12-31T14:45:06 IST" skipped="4">
  <testcase classname="test.Testcase14" name="give_ratings" time="19.033"/>
  <system-out>
    <![CDATA[TestCase is passed]]>
  </system-out>
  <testcase classname="test.Testcase14" name="give_ratings" time="3.710">
    <skipped/>
  </testcase> <!-- give_ratings -->
  <system-out/>
  <testcase classname="test.Testcase14" name="give_ratings" time="4.244">
    <skipped/>
  </testcase> <!-- give_ratings -->
  <system-out/>
  <testcase classname="test.Testcase14" name="give_ratings" time="4.023">
    <skipped/>
  </testcase> <!-- give_ratings -->
  <system-out/>
  <testcase classname="test.Testcase14" name="give_ratings" time="3.844">
    <skipped/>
  </testcase> <!-- give_ratings -->
  <system-out/>
</testsuite> <!-- test.Testcase14 -->
