<?xml version="1.0" encoding="UTF-8"?>
<!-- Generated by org.testng.reporters.JUnitReportReporter -->
<testsuite hostname="LAPTOP-1NUQRVBS" failures="0" tests="4" name="test.Testcase13" time="30.388" errors="0" timestamp="2024-12-31T14:40:16 IST" skipped="3">
  <testcase classname="test.Testcase13" name="apply_coupon_code" time="2.928">
    <skipped/>
  </testcase> <!-- apply_coupon_code -->
  <system-out/>
  <testcase classname="test.Testcase13" name="apply_coupon_code" time="3.187">
    <skipped/>
  </testcase> <!-- apply_coupon_code -->
  <system-out/>
  <testcase classname="test.Testcase13" name="apply_coupon_code" time="2.810">
    <skipped/>
  </testcase> <!-- apply_coupon_code -->
  <system-out/>
  <testcase classname="test.Testcase13" name="apply_coupon_code" time="21.463"/>
  <system-out>
    <![CDATA[TestCase is passed]]>
  </system-out>
</testsuite> <!-- test.Testcase13 -->
