<?xml version="1.0" encoding="UTF-8"?>
<!-- Generated by org.testng.reporters.JUnitReportReporter -->
<testsuite hostname="LAPTOP-1NUQRVBS" failures="0" tests="1" name="test.Testcase5" time="15.958" errors="0" timestamp="2024-12-31T14:40:16 IST" skipped="0">
  <testcase classname="test.Testcase5" name="login_to_amazon_search_a_product" time="15.958"/>
  <system-out>
    <![CDATA[TestCase is passed]]>
  </system-out>
</testsuite> <!-- test.Testcase5 -->
