<?xml version="1.0" encoding="UTF-8"?>
<!-- Generated by org.testng.reporters.JUnitReportReporter -->
<testsuite hostname="LAPTOP-1NUQRVBS" failures="0" tests="1" name="test.Testcase12" time="97.465" errors="0" timestamp="2024-12-17T22:47:30 IST" skipped="0">
  <testcase classname="test.Testcase12" name="select_pay_method" time="97.465"/>
  <system-out/>
</testsuite> <!-- test.Testcase12 -->
