<?xml version="1.0" encoding="UTF-8"?>
<!-- Generated by org.testng.reporters.JUnitReportReporter -->
<testsuite hostname="LAPTOP-1NUQRVBS" failures="0" tests="3" name="test.Testcase13" time="42.467" errors="0" timestamp="2025-01-10T15:00:03 IST" skipped="2">
  <testcase classname="test.Testcase13" name="apply_coupon_code" time="5.197">
    <skipped/>
  </testcase> <!-- apply_coupon_code -->
  <system-out/>
  <testcase classname="test.Testcase13" name="apply_coupon_code" time="32.492"/>
  <system-out>
    <![CDATA[TestCase is passed]]>
  </system-out>
  <testcase classname="test.Testcase13" name="apply_coupon_code" time="4.778">
    <skipped/>
  </testcase> <!-- apply_coupon_code -->
  <system-out/>
</testsuite> <!-- test.Testcase13 -->
