<?xml version="1.0" encoding="UTF-8"?>
<!-- Generated by org.testng.reporters.JUnitReportReporter -->
<testsuite hostname="LAPTOP-1NUQRVBS" failures="0" tests="2" name="test.Testcase3" time="18.749" errors="0" timestamp="2024-12-17T22:47:30 IST" skipped="1">
  <testcase classname="test.Testcase3" name="login_to_amazon" time="15.311"/>
  <system-out/>
  <testcase classname="test.Testcase3" name="login_to_amazon" time="3.438">
    <skipped/>
  </testcase> <!-- login_to_amazon -->
  <system-out/>
</testsuite> <!-- test.Testcase3 -->
