<?xml version="1.0" encoding="UTF-8"?>
<!-- Generated by org.testng.reporters.JUnitReportReporter -->
<testsuite hostname="LAPTOP-1NUQRVBS" failures="0" tests="1" name="test.Testcase11" time="70.866" errors="0" timestamp="2025-01-13T07:20:10 IST" skipped="0">
  <testcase classname="test.Testcase11" name="validate_checkout_proc" time="70.866"/>
  <system-out>
    <![CDATA[TestCase is passed]]>
  </system-out>
</testsuite> <!-- test.Testcase11 -->
