<?xml version="1.0" encoding="UTF-8"?>
<!-- Generated by org.testng.reporters.JUnitReportReporter -->
<testsuite hostname="LAPTOP-1NUQRVBS" failures="0" tests="1" name="test.Testcase15" time="21.859" errors="0" timestamp="2025-01-13T07:20:10 IST" skipped="0">
  <testcase classname="test.Testcase15" name="cart_without_login" time="21.859"/>
  <system-out>
    <![CDATA[TestCase is passed]]>
  </system-out>
</testsuite> <!-- test.Testcase15 -->
