<?xml version="1.0" encoding="UTF-8"?>
<!-- Generated by org.testng.reporters.JUnitReportReporter -->
<testsuite hostname="LAPTOP-1NUQRVBS" failures="0" tests="2" name="test.Testcase4" time="86.305" errors="0" timestamp="2025-01-13T07:20:10 IST" skipped="1">
  <testcase classname="test.Testcase4" name="edit_profile_info" time="56.282"/>
  <system-out>
    <![CDATA[TestCase is passed]]>
  </system-out>
  <testcase classname="test.Testcase4" name="edit_profile_info" time="30.023">
    <skipped/>
  </testcase> <!-- edit_profile_info -->
  <system-out/>
</testsuite> <!-- test.Testcase4 -->
