<?xml version="1.0" encoding="UTF-8"?>
<!-- Generated by org.testng.reporters.JUnitReportReporter -->
<testsuite hostname="LAPTOP-1NUQRVBS" failures="0" tests="1" name="test.Testcase9" time="46.223" errors="0" timestamp="2025-01-22T19:32:00 IST" skipped="0">
  <testcase classname="test.Testcase9" name="add_to_cart" time="46.223"/>
  <system-out>
    <![CDATA[TestCase is passed]]>
  </system-out>
</testsuite> <!-- test.Testcase9 -->
