<?xml version="1.0" encoding="UTF-8"?>
<!-- Generated by org.testng.reporters.JUnitReportReporter -->
<testsuite hostname="LAPTOP-1NUQRVBS" failures="0" tests="1" name="test.Testcase6" time="44.016" errors="0" timestamp="2025-01-22T19:32:00 IST" skipped="0">
  <testcase classname="test.Testcase6" name="search_with_filter" time="44.016"/>
  <system-out>
    <![CDATA[TestCase is passed]]>
  </system-out>
</testsuite> <!-- test.Testcase6 -->
