<?xml version="1.0" encoding="UTF-8"?>
<!-- Generated by org.testng.reporters.JUnitReportReporter -->
<testsuite hostname="LAPTOP-1NUQRVBS" failures="0" tests="1" name="test.Testcase3" time="0.007" errors="0" timestamp="2024-12-12T17:48:10 IST" skipped="0">
  <testcase classname="test.Testcase3" name="test3" time="0.007"/>
  <system-out/>
</testsuite> <!-- test.Testcase3 -->
