<?xml version="1.0" encoding="UTF-8"?>
<!-- Generated by org.testng.reporters.JUnitReportReporter -->
<testsuite hostname="LAPTOP-1NUQRVBS" failures="0" tests="2" name="test.Testcase5" time="68.751" errors="0" timestamp="2025-01-22T19:32:00 IST" skipped="1">
  <testcase classname="test.Testcase5" name="login_to_amazon_search_a_product" time="31.536">
    <skipped/>
  </testcase> <!-- login_to_amazon_search_a_product -->
  <system-out/>
  <testcase classname="test.Testcase5" name="login_to_amazon_search_a_product" time="37.215"/>
  <system-out>
    <![CDATA[TestCase is passed]]>
  </system-out>
</testsuite> <!-- test.Testcase5 -->
