<?xml version="1.0" encoding="UTF-8"?>
<!-- Generated by org.testng.reporters.JUnitReportReporter -->
<testsuite hostname="LAPTOP-1NUQRVBS" failures="0" tests="2" name="test.Testcase13" time="80.071" errors="0" timestamp="2025-01-13T07:20:10 IST" skipped="1">
  <testcase classname="test.Testcase13" name="apply_coupon_code" time="28.350">
    <skipped/>
  </testcase> <!-- apply_coupon_code -->
  <system-out/>
  <testcase classname="test.Testcase13" name="apply_coupon_code" time="51.721"/>
  <system-out>
    <![CDATA[TestCase is passed]]>
  </system-out>
</testsuite> <!-- test.Testcase13 -->
