<?xml version="1.0" encoding="UTF-8"?>
<!-- Generated by org.testng.reporters.JUnitReportReporter -->
<testsuite hostname="LAPTOP-1NUQRVBS" failures="0" tests="1" name="test.Testcase12" time="61.540" errors="0" timestamp="2025-01-22T19:32:00 IST" skipped="0">
  <testcase classname="test.Testcase12" name="select_pay_method" time="61.540"/>
  <system-out>
    <![CDATA[TestCase is passed]]>
  </system-out>
</testsuite> <!-- test.Testcase12 -->
