<?xml version="1.0" encoding="UTF-8"?>
<!-- Generated by org.testng.reporters.JUnitReportReporter -->
<testsuite hostname="LAPTOP-1NUQRVBS" failures="0" tests="3" name="test.Testcase1" time="59.511" errors="0" timestamp="2025-01-13T07:20:10 IST" skipped="2">
  <testcase classname="test.Testcase1" name="register_to_amazon" time="20.965">
    <skipped/>
  </testcase> <!-- register_to_amazon -->
  <system-out/>
  <testcase classname="test.Testcase1" name="register_to_amazon" time="18.376"/>
  <system-out>
    <![CDATA[TestCase is passed]]>
  </system-out>
  <testcase classname="test.Testcase1" name="register_to_amazon" time="20.170">
    <skipped/>
  </testcase> <!-- register_to_amazon -->
  <system-out/>
</testsuite> <!-- test.Testcase1 -->
