<?xml version="1.0" encoding="UTF-8"?>
<!-- Generated by org.testng.reporters.JUnitReportReporter -->
<testsuite hostname="LAPTOP-1NUQRVBS" failures="0" tests="1" name="test.Testcase2" time="18.494" errors="0" timestamp="2024-12-18T17:54:36 IST" skipped="0">
  <testcase classname="test.Testcase2" name="login_to_amazon" time="18.494"/>
  <system-out/>
</testsuite> <!-- test.Testcase2 -->
