<?xml version="1.0" encoding="UTF-8"?>
<!-- Generated by org.testng.reporters.JUnitReportReporter -->
<testsuite hostname="LAPTOP-1NUQRVBS" failures="0" tests="1" name="test.Testcase13" time="115.845" errors="0" timestamp="2025-01-22T19:32:00 IST" skipped="0">
  <testcase classname="test.Testcase13" name="apply_coupon_code" time="115.845"/>
  <system-out>
    <![CDATA[TestCase is passed]]>
  </system-out>
</testsuite> <!-- test.Testcase13 -->
