<?xml version="1.0" encoding="UTF-8"?>
<!-- Generated by org.testng.reporters.JUnitReportReporter -->
<testsuite hostname="LAPTOP-1NUQRVBS" failures="0" tests="2" name="test.Testcase3" time="52.113" errors="0" timestamp="2025-01-13T07:20:10 IST" skipped="1">
  <testcase classname="test.Testcase3" name="login_to_amazon" time="21.926">
    <skipped/>
  </testcase> <!-- login_to_amazon -->
  <system-out/>
  <testcase classname="test.Testcase3" name="login_to_amazon" time="30.187"/>
  <system-out>
    <![CDATA[TestCase is passed]]>
  </system-out>
</testsuite> <!-- test.Testcase3 -->
