<?xml version="1.0" encoding="UTF-8"?>
<!-- Generated by org.testng.reporters.JUnitReportReporter -->
<testsuite hostname="LAPTOP-1NUQRVBS" failures="0" tests="2" name="test.Testcase1" time="38.503" errors="0" timestamp="2025-01-22T19:32:00 IST" skipped="1">
  <testcase classname="test.Testcase1" name="register_to_amazon" time="13.388"/>
  <system-out>
    <![CDATA[TestCase is passed]]>
  </system-out>
  <testcase classname="test.Testcase1" name="register_to_amazon" time="25.115">
    <skipped/>
  </testcase> <!-- register_to_amazon -->
  <system-out/>
</testsuite> <!-- test.Testcase1 -->
