<?xml version="1.0" encoding="UTF-8"?>
<!-- Generated by org.testng.reporters.JUnitReportReporter -->
<testsuite hostname="LAPTOP-1NUQRVBS" failures="0" tests="3" name="test.Testcase6" time="80.100" errors="0" timestamp="2025-01-13T07:20:10 IST" skipped="2">
  <testcase classname="test.Testcase6" name="search_with_filter" time="25.066"/>
  <system-out>
    <![CDATA[TestCase is passed]]>
  </system-out>
  <testcase classname="test.Testcase6" name="search_with_filter" time="27.507">
    <skipped/>
  </testcase> <!-- search_with_filter -->
  <system-out/>
  <testcase classname="test.Testcase6" name="search_with_filter" time="27.527">
    <skipped/>
  </testcase> <!-- search_with_filter -->
  <system-out/>
</testsuite> <!-- test.Testcase6 -->
