<?xml version="1.0" encoding="UTF-8"?>
<!-- Generated by org.testng.reporters.JUnitReportReporter -->
<testsuite hostname="LAPTOP-1NUQRVBS" failures="0" tests="2" name="test.Testcase14" time="116.242" errors="0" timestamp="2025-01-22T19:32:00 IST" skipped="1">
  <testcase classname="test.Testcase14" name="give_ratings" time="40.686">
    <skipped/>
  </testcase> <!-- give_ratings -->
  <system-out/>
  <testcase classname="test.Testcase14" name="give_ratings" time="75.556"/>
  <system-out>
    <![CDATA[TestCase is passed]]>
  </system-out>
</testsuite> <!-- test.Testcase14 -->
