<?xml version="1.0" encoding="UTF-8"?>
<!-- Generated by org.testng.reporters.JUnitReportReporter -->
<testsuite hostname="LAPTOP-1NUQRVBS" failures="0" tests="5" name="test.Testcase10" time="153.299" errors="0" timestamp="2025-01-13T07:20:10 IST" skipped="4">
  <testcase classname="test.Testcase10" name="updatequant_removitem" time="27.852">
    <skipped/>
  </testcase> <!-- updatequant_removitem -->
  <system-out/>
  <testcase classname="test.Testcase10" name="updatequant_removitem" time="28.901">
    <skipped/>
  </testcase> <!-- updatequant_removitem -->
  <system-out/>
  <testcase classname="test.Testcase10" name="updatequant_removitem" time="27.787">
    <skipped/>
  </testcase> <!-- updatequant_removitem -->
  <system-out/>
  <testcase classname="test.Testcase10" name="updatequant_removitem" time="28.649">
    <skipped/>
  </testcase> <!-- updatequant_removitem -->
  <system-out/>
  <testcase classname="test.Testcase10" name="updatequant_removitem" time="40.110"/>
  <system-out>
    <![CDATA[TestCase is passed]]>
  </system-out>
</testsuite> <!-- test.Testcase10 -->
