<?xml version="1.0" encoding="UTF-8"?>
<!-- Generated by org.testng.reporters.JUnitReportReporter -->
<testsuite hostname="LAPTOP-1NUQRVBS" failures="0" tests="3" name="test.Testcase8" time="129.080" errors="0" timestamp="2025-01-22T19:32:00 IST" skipped="2">
  <testcase classname="test.Testcase8" name="sort_product" time="32.644">
    <skipped/>
  </testcase> <!-- sort_product -->
  <system-out/>
  <testcase classname="test.Testcase8" name="sort_product" time="62.875"/>
  <system-out>
    <![CDATA[TestCase is passed]]>
  </system-out>
  <testcase classname="test.Testcase8" name="sort_product" time="33.561">
    <skipped/>
  </testcase> <!-- sort_product -->
  <system-out/>
</testsuite> <!-- test.Testcase8 -->
