<?xml version="1.0" encoding="UTF-8"?>
<!-- Generated by org.testng.reporters.JUnitReportReporter -->
<testsuite hostname="LAPTOP-1NUQRVBS" failures="0" tests="3" name="test.Testcase11" time="240.577" errors="0" timestamp="2025-01-22T19:32:00 IST" skipped="2">
  <testcase classname="test.Testcase11" name="validate_checkout_proc" time="84.285"/>
  <system-out>
    <![CDATA[TestCase is passed]]>
  </system-out>
  <testcase classname="test.Testcase11" name="validate_checkout_proc" time="67.876">
    <skipped/>
  </testcase> <!-- validate_checkout_proc -->
  <system-out/>
  <testcase classname="test.Testcase11" name="validate_checkout_proc" time="88.416">
    <skipped/>
  </testcase> <!-- validate_checkout_proc -->
  <system-out/>
</testsuite> <!-- test.Testcase11 -->
